# JRE version: Java(TM) SE Runtime Environment (26.0+35) (build 26+35-2893)
# Java VM: Java HotSpot(TM) 64-Bit Server VM (26+35-2893, mixed mode, sharing, tiered, compressed oops, compressed class ptrs, g1 gc, windows-amd64)
GC Precious Log:
 CardTable entry size: 512
 Card Set container configuration: InlinePtr #cards 5 size 8 Array Of Cards #cards 10 size 36 Howl #buckets 4 coarsen threshold 1843 Howl Bitmap #cards 512 size 80 coarsen threshold 460 Card regions per heap region 1 cards per card region 2048
 CPUs: 12 total, 12 available
 Memory: 7863M
 Large Page Support: Disabled
 NUMA Support: Disabled
 Compressed Oops: Enabled (32-bit)
 Heap Region Size: 1M
 Heap Min Capacity: 8M
 Heap Initial Capacity: 8M
 Heap Max Capacity: 1966M
 Pre-touch: Disabled
 Parallel Workers: 10
 Concurrent Workers: 3
 Concurrent Refinement Workers: 10
 Periodic GC: Disabled
Heap:
 garbage-first heap   total reserved 2013184K, committed 322560K, used 236350K [0x0000000085200000, 0x0000000100000000)
  region size 1M, 57 eden (57M), 9 survivor (9M), 162 old (162M), 4 humongous (4M), 83 free (83M)
GC Heap Usage History (20 events):
Event: 12.531 {heap Before GC invocations=17 (full 0):
 garbage-first heap   total reserved 2013184K, committed 107520K, used 86905K [0x0000000085200000, 0x0000000100000000)
  region size 1M, 45 eden (45M), 8 survivor (8M), 28 old (28M), 4 humongous (4M), 20 free (20M)
}
Event: 12.602 {heap After GC invocations=18 (full 0):
 garbage-first heap   total reserved 2013184K, committed 107520K, used 48640K [0x0000000085200000, 0x0000000100000000)
  region size 1M, 0 eden (0M), 7 survivor (7M), 37 old (37M), 4 humongous (4M), 57 free (57M)
}
Event: 12.621 {heap Before GC invocations=18 (full 0):
 garbage-first heap   total reserved 2013184K, committed 107520K, used 48640K [0x0000000085200000, 0x0000000100000000)
  region size 1M, 1 eden (1M), 7 survivor (7M), 37 old (37M), 4 humongous (4M), 56 free (56M)
}
Event: 12.647 {heap After GC invocations=19 (full 0):
 garbage-first heap   total reserved 2013184K, committed 107520K, used 50176K [0x0000000085200000, 0x0000000100000000)
  region size 1M, 0 eden (0M), 1 survivor (1M), 44 old (44M), 4 humongous (4M), 56 free (56M)
}
Event: 13.349 {heap Before GC invocations=20 (full 0):
 garbage-first heap   total reserved 2013184K, committed 107520K, used 90112K [0x0000000085200000, 0x0000000100000000)
  region size 1M, 38 eden (38M), 1 survivor (1M), 44 old (44M), 5 humongous (5M), 17 free (17M)
}
Event: 13.365 {heap After GC invocations=21 (full 0):
 garbage-first heap   total reserved 2013184K, committed 107520K, used 61440K [0x0000000085200000, 0x0000000100000000)
  region size 1M, 0 eden (0M), 5 survivor (5M), 50 old (50M), 5 humongous (5M), 45 free (45M)
}
Event: 13.874 {heap Before GC invocations=21 (full 0):
 garbage-first heap   total reserved 2013184K, committed 107520K, used 91136K [0x0000000085200000, 0x0000000100000000)
  region size 1M, 29 eden (29M), 5 survivor (5M), 50 old (50M), 5 humongous (5M), 16 free (16M)
}
Event: 13.906 {heap After GC invocations=22 (full 0):
 garbage-first heap   total reserved 2013184K, committed 107520K, used 69120K [0x0000000085200000, 0x0000000100000000)
  region size 1M, 0 eden (0M), 5 survivor (5M), 58 old (58M), 5 humongous (5M), 37 free (37M)
}
Event: 14.084 {heap Before GC invocations=22 (full 0):
 garbage-first heap   total reserved 2013184K, committed 107520K, used 92672K [0x0000000085200000, 0x0000000100000000)
  region size 1M, 23 eden (23M), 5 survivor (5M), 58 old (58M), 5 humongous (5M), 14 free (14M)
}
Event: 14.104 {heap After GC invocations=23 (full 0):
 garbage-first heap   total reserved 2013184K, committed 322560K, used 74752K [0x0000000085200000, 0x0000000100000000)
  region size 1M, 0 eden (0M), 4 survivor (4M), 64 old (64M), 5 humongous (5M), 242 free (242M)
}
Event: 15.476 {heap Before GC invocations=24 (full 0):
 garbage-first heap   total reserved 2013184K, committed 322560K, used 241664K [0x0000000085200000, 0x0000000100000000)
  region size 1M, 164 eden (164M), 4 survivor (4M), 64 old (64M), 5 humongous (5M), 78 free (78M)
}
Event: 15.506 {heap After GC invocations=25 (full 0):
 garbage-first heap   total reserved 2013184K, committed 322560K, used 118666K [0x0000000085200000, 0x0000000100000000)
  region size 1M, 0 eden (0M), 21 survivor (21M), 90 old (90M), 5 humongous (5M), 199 free (199M)
}
Event: 21.101 {heap Before GC invocations=25 (full 0):
 garbage-first heap   total reserved 2013184K, committed 322560K, used 234378K [0x0000000085200000, 0x0000000100000000)
  region size 1M, 113 eden (113M), 21 survivor (21M), 90 old (90M), 5 humongous (5M), 86 free (86M)
}
Event: 21.139 {heap After GC invocations=26 (full 0):
 garbage-first heap   total reserved 2013184K, committed 322560K, used 140800K [0x0000000085200000, 0x0000000100000000)
  region size 1M, 0 eden (0M), 17 survivor (17M), 116 old (116M), 5 humongous (5M), 177 free (177M)
}
Event: 30.620 {heap Before GC invocations=26 (full 0):
 garbage-first heap   total reserved 2013184K, committed 322560K, used 250368K [0x0000000085200000, 0x0000000100000000)
  region size 1M, 107 eden (107M), 17 survivor (17M), 116 old (116M), 5 humongous (5M), 70 free (70M)
}
Event: 30.671 {heap After GC invocations=27 (full 0):
 garbage-first heap   total reserved 2013184K, committed 322560K, used 155136K [0x0000000085200000, 0x0000000100000000)
  region size 1M, 0 eden (0M), 13 survivor (13M), 134 old (134M), 5 humongous (5M), 163 free (163M)
}
Event: 44.361 {heap Before GC invocations=28 (full 0):
 garbage-first heap   total reserved 2013184K, committed 322560K, used 263680K [0x0000000085200000, 0x0000000100000000)
  region size 1M, 107 eden (107M), 13 survivor (13M), 134 old (134M), 4 humongous (4M), 57 free (57M)
}
Event: 44.460 {heap After GC invocations=29 (full 0):
 garbage-first heap   total reserved 2013184K, committed 322560K, used 171008K [0x0000000085200000, 0x0000000100000000)
  region size 1M, 0 eden (0M), 15 survivor (15M), 148 old (148M), 4 humongous (4M), 148 free (148M)
}
Event: 76.165 {heap Before GC invocations=29 (full 0):
 garbage-first heap   total reserved 2013184K, committed 322560K, used 273408K [0x0000000085200000, 0x0000000100000000)
  region size 1M, 100 eden (100M), 15 survivor (15M), 148 old (148M), 4 humongous (4M), 48 free (48M)
}
Event: 76.606 {heap After GC invocations=30 (full 0):
 garbage-first heap   total reserved 2013184K, committed 322560K, used 179006K [0x0000000085200000, 0x0000000100000000)
  region size 1M, 0 eden (0M), 9 survivor (9M), 162 old (162M), 4 humongous (4M), 140 free (140M)
}

