# JRE version: Java(TM) SE Runtime Environment (17.0.12+8) (build 17.0.12+8-LTS-286)
# Java VM: Java HotSpot(TM) 64-Bit Server VM (17.0.12+8-LTS-286, mixed mode, sharing, tiered, compressed oops, compressed class ptrs, g1 gc, windows-amd64)
GC Precious Log:
 CPUs: 12 total, 12 available
 Memory: 7863M
 Large Page Support: Disabled
 NUMA Support: Disabled
 Compressed Oops: Enabled (32-bit)
 Heap Region Size: 1M
 Heap Min Capacity: 8M
 Heap Initial Capacity: 124M
 Heap Max Capacity: 1966M
 Pre-touch: Disabled
 Parallel Workers: 10
 Concurrent Workers: 3
 Concurrent Refinement Workers: 10
 Periodic GC: Disabled
Heap:
 garbage-first heap   total 71680K, used 38082K [0x0000000085200000, 0x0000000100000000)
  region size 1024K, 3 young (3072K), 3 survivors (3072K)
 Metaspace       used 42699K, committed 43008K, reserved 1114112K
  class space    used 5235K, committed 5376K, reserved 1048576K
GC Heap History (15 events):
Event: 2.143 GC heap before
{Heap before GC invocations=0 (full 0):
 garbage-first heap   total 126976K, used 27648K [0x0000000085200000, 0x0000000100000000)
  region size 1024K, 23 young (23552K), 0 survivors (0K)
 Metaspace       used 6815K, committed 6912K, reserved 1114112K
  class space    used 707K, committed 768K, reserved 1048576K
}
Event: 2.157 GC heap after
{Heap after GC invocations=1 (full 0):
 garbage-first heap   total 126976K, used 6934K [0x0000000085200000, 0x0000000100000000)
  region size 1024K, 3 young (3072K), 3 survivors (3072K)
 Metaspace       used 6815K, committed 6912K, reserved 1114112K
  class space    used 707K, committed 768K, reserved 1048576K
}
Event: 4.677 GC heap before
{Heap before GC invocations=1 (full 0):
 garbage-first heap   total 126976K, used 39702K [0x0000000085200000, 0x0000000100000000)
  region size 1024K, 35 young (35840K), 3 survivors (3072K)
 Metaspace       used 15932K, committed 16192K, reserved 1114112K
  class space    used 1798K, committed 1920K, reserved 1048576K
}
Event: 4.694 GC heap after
{Heap after GC invocations=2 (full 0):
 garbage-first heap   total 126976K, used 9171K [0x0000000085200000, 0x0000000100000000)
  region size 1024K, 3 young (3072K), 3 survivors (3072K)
 Metaspace       used 15932K, committed 16192K, reserved 1114112K
  class space    used 1798K, committed 1920K, reserved 1048576K
}
Event: 8.055 GC heap before
{Heap before GC invocations=2 (full 0):
 garbage-first heap   total 126976K, used 55251K [0x0000000085200000, 0x0000000100000000)
  region size 1024K, 45 young (46080K), 3 survivors (3072K)
 Metaspace       used 21304K, committed 21504K, reserved 1114112K
  class space    used 2897K, committed 2944K, reserved 1048576K
}
Event: 8.120 GC heap after
{Heap after GC invocations=3 (full 0):
 garbage-first heap   total 126976K, used 19658K [0x0000000085200000, 0x0000000100000000)
  region size 1024K, 10 young (10240K), 10 survivors (10240K)
 Metaspace       used 21304K, committed 21504K, reserved 1114112K
  class space    used 2897K, committed 2944K, reserved 1048576K
}
Event: 10.600 GC heap before
{Heap before GC invocations=4 (full 0):
 garbage-first heap   total 71680K, used 54474K [0x0000000085200000, 0x0000000100000000)
  region size 1024K, 42 young (43008K), 10 survivors (10240K)
 Metaspace       used 26032K, committed 26304K, reserved 1114112K
  class space    used 3423K, committed 3520K, reserved 1048576K
}
Event: 10.648 GC heap after
{Heap after GC invocations=5 (full 0):
 garbage-first heap   total 71680K, used 22555K [0x0000000085200000, 0x0000000100000000)
  region size 1024K, 5 young (5120K), 5 survivors (5120K)
 Metaspace       used 26032K, committed 26304K, reserved 1114112K
  class space    used 3423K, committed 3520K, reserved 1048576K
}
Event: 12.209 GC heap before
{Heap before GC invocations=5 (full 0):
 garbage-first heap   total 71680K, used 50203K [0x0000000085200000, 0x0000000100000000)
  region size 1024K, 32 young (32768K), 5 survivors (5120K)
 Metaspace       used 31408K, committed 31680K, reserved 1114112K
  class space    used 3903K, committed 4032K, reserved 1048576K
}
Event: 12.229 GC heap after
{Heap after GC invocations=6 (full 0):
 garbage-first heap   total 71680K, used 25290K [0x0000000085200000, 0x0000000100000000)
  region size 1024K, 3 young (3072K), 3 survivors (3072K)
 Metaspace       used 31408K, committed 31680K, reserved 1114112K
  class space    used 3903K, committed 4032K, reserved 1048576K
}
Event: 13.439 GC heap before
{Heap before GC invocations=6 (full 0):
 garbage-first heap   total 71680K, used 39626K [0x0000000085200000, 0x0000000100000000)
  region size 1024K, 18 young (18432K), 3 survivors (3072K)
 Metaspace       used 35850K, committed 36096K, reserved 1114112K
  class space    used 4448K, committed 4608K, reserved 1048576K
}
Event: 13.455 GC heap after
{Heap after GC invocations=7 (full 0):
 garbage-first heap   total 71680K, used 27255K [0x0000000085200000, 0x0000000100000000)
  region size 1024K, 2 young (2048K), 2 survivors (2048K)
 Metaspace       used 35850K, committed 36096K, reserved 1114112K
  class space    used 4448K, committed 4608K, reserved 1048576K
}
Event: 15.226 GC heap before
{Heap before GC invocations=8 (full 0):
 garbage-first heap   total 71680K, used 51831K [0x0000000085200000, 0x0000000100000000)
  region size 1024K, 27 young (27648K), 2 survivors (2048K)
 Metaspace       used 39159K, committed 39424K, reserved 1114112K
  class space    used 4799K, committed 4928K, reserved 1048576K
}
Event: 15.250 GC heap after
{Heap after GC invocations=9 (full 0):
 garbage-first heap   total 71680K, used 32849K [0x0000000085200000, 0x0000000100000000)
  region size 1024K, 4 young (4096K), 4 survivors (4096K)
 Metaspace       used 39159K, committed 39424K, reserved 1114112K
  class space    used 4799K, committed 4928K, reserved 1048576K
}
Event: 16.729 GC heap before
{Heap before GC invocations=9 (full 0):
 garbage-first heap   total 71680K, used 54353K [0x0000000085200000, 0x0000000100000000)
  region size 1024K, 24 young (24576K), 4 survivors (4096K)
 Metaspace       used 42699K, committed 43008K, reserved 1114112K
  class space    used 5235K, committed 5376K, reserved 1048576K
}

