# JRE version: Java(TM) SE Runtime Environment (26.0+35) (build 26+35-2893)
# Java VM: Java HotSpot(TM) 64-Bit Server VM (26+35-2893, mixed mode, sharing, tiered, compressed oops, compressed class ptrs, g1 gc, windows-amd64)
GC Precious Log:
 CardTable entry size: 512
 Card Set container configuration: InlinePtr #cards 5 size 8 Array Of Cards #cards 10 size 36 Howl #buckets 4 coarsen threshold 1843 Howl Bitmap #cards 512 size 80 coarsen threshold 460 Card regions per heap region 1 cards per card region 2048
 CPUs: 12 total, 12 available
 Memory: 7863M
 Large Page Support: Disabled
 NUMA Support: Disabled
 Compressed Oops: Enabled (32-bit)
 Heap Region Size: 1M
 Heap Min Capacity: 8M
 Heap Initial Capacity: 8M
 Heap Max Capacity: 1966M
 Pre-touch: Disabled
 Parallel Workers: 10
 Concurrent Workers: 3
 Concurrent Refinement Workers: 10
 Periodic GC: Disabled
Heap:
 garbage-first heap   total reserved 2013184K, committed 331776K, used 189440K [0x0000000085200000, 0x0000000100000000)
  region size 1M, 126 eden (126M), 6 survivor (6M), 49 old (49M), 5 humongous (5M), 138 free (138M)
GC Heap Usage History (20 events):
Event: 3.592 {heap Before GC invocations=7 (full 0):
 garbage-first heap   total reserved 2013184K, committed 36864K, used 23066K [0x0000000085200000, 0x0000000100000000)
  region size 1M, 14 eden (14M), 2 survivor (2M), 3 old (3M), 4 humongous (4M), 13 free (13M)
}
Event: 3.601 {heap After GC invocations=8 (full 0):
 garbage-first heap   total reserved 2013184K, committed 36864K, used 9608K [0x0000000085200000, 0x0000000100000000)
  region size 1M, 0 eden (0M), 1 survivor (1M), 5 old (5M), 4 humongous (4M), 26 free (26M)
}
Event: 4.428 {heap Before GC invocations=8 (full 0):
 garbage-first heap   total reserved 2013184K, committed 36864K, used 24968K [0x0000000085200000, 0x0000000100000000)
  region size 1M, 15 eden (15M), 1 survivor (1M), 5 old (5M), 4 humongous (4M), 11 free (11M)
}
Event: 4.440 {heap After GC invocations=9 (full 0):
 garbage-first heap   total reserved 2013184K, committed 36864K, used 12132K [0x0000000085200000, 0x0000000100000000)
  region size 1M, 0 eden (0M), 2 survivor (2M), 6 old (6M), 4 humongous (4M), 24 free (24M)
}
Event: 4.680 {heap Before GC invocations=9 (full 0):
 garbage-first heap   total reserved 2013184K, committed 36864K, used 26468K [0x0000000085200000, 0x0000000100000000)
  region size 1M, 14 eden (14M), 2 survivor (2M), 6 old (6M), 4 humongous (4M), 10 free (10M)
}
Event: 4.706 {heap After GC invocations=10 (full 0):
 garbage-first heap   total reserved 2013184K, committed 36864K, used 19456K [0x0000000085200000, 0x0000000100000000)
  region size 1M, 0 eden (0M), 2 survivor (2M), 13 old (13M), 4 humongous (4M), 17 free (17M)
}
Event: 5.157 {heap Before GC invocations=10 (full 0):
 garbage-first heap   total reserved 2013184K, committed 36864K, used 28672K [0x0000000085200000, 0x0000000100000000)
  region size 1M, 9 eden (9M), 2 survivor (2M), 13 old (13M), 4 humongous (4M), 8 free (8M)
}
Event: 5.172 {heap After GC invocations=11 (full 0):
 garbage-first heap   total reserved 2013184K, committed 36864K, used 22016K [0x0000000085200000, 0x0000000100000000)
  region size 1M, 0 eden (0M), 2 survivor (2M), 16 old (16M), 4 humongous (4M), 14 free (14M)
}
Event: 5.491 {heap Before GC invocations=12 (full 0):
 garbage-first heap   total reserved 2013184K, committed 36864K, used 29184K [0x0000000085200000, 0x0000000100000000)
  region size 1M, 7 eden (7M), 2 survivor (2M), 16 old (16M), 4 humongous (4M), 7 free (7M)
}
Event: 5.503 {heap After GC invocations=13 (full 0):
 garbage-first heap   total reserved 2013184K, committed 36864K, used 24128K [0x0000000085200000, 0x0000000100000000)
  region size 1M, 0 eden (0M), 2 survivor (2M), 18 old (18M), 4 humongous (4M), 12 free (12M)
}
Event: 5.765 {heap Before GC invocations=13 (full 0):
 garbage-first heap   total reserved 2013184K, committed 36864K, used 30272K [0x0000000085200000, 0x0000000100000000)
  region size 1M, 6 eden (6M), 2 survivor (2M), 18 old (18M), 4 humongous (4M), 6 free (6M)
}
Event: 5.776 {heap After GC invocations=14 (full 0):
 garbage-first heap   total reserved 2013184K, committed 110592K, used 24429K [0x0000000085200000, 0x0000000100000000)
  region size 1M, 0 eden (0M), 1 survivor (1M), 19 old (19M), 4 humongous (4M), 84 free (84M)
}
Event: 8.428 {heap Before GC invocations=14 (full 0):
 garbage-first heap   total reserved 2013184K, committed 110592K, used 65389K [0x0000000085200000, 0x0000000100000000)
  region size 1M, 42 eden (42M), 1 survivor (1M), 19 old (19M), 4 humongous (4M), 42 free (42M)
}
Event: 8.453 {heap After GC invocations=15 (full 0):
 garbage-first heap   total reserved 2013184K, committed 110592K, used 27966K [0x0000000085200000, 0x0000000100000000)
  region size 1M, 0 eden (0M), 5 survivor (5M), 19 old (19M), 4 humongous (4M), 80 free (80M)
}
Event: 12.073 {heap Before GC invocations=16 (full 0):
 garbage-first heap   total reserved 2013184K, committed 110592K, used 88382K [0x0000000085200000, 0x0000000100000000)
  region size 1M, 59 eden (59M), 5 survivor (5M), 19 old (19M), 4 humongous (4M), 21 free (21M)
}
Event: 12.141 {heap After GC invocations=17 (full 0):
 garbage-first heap   total reserved 2013184K, committed 110592K, used 41831K [0x0000000085200000, 0x0000000100000000)
  region size 1M, 0 eden (0M), 8 survivor (8M), 29 old (29M), 4 humongous (4M), 67 free (67M)
}
Event: 14.329 {heap Before GC invocations=17 (full 0):
 garbage-first heap   total reserved 2013184K, committed 110592K, used 89959K [0x0000000085200000, 0x0000000100000000)
  region size 1M, 46 eden (46M), 8 survivor (8M), 29 old (29M), 5 humongous (5M), 20 free (20M)
}
Event: 14.388 {heap After GC invocations=18 (full 0):
 garbage-first heap   total reserved 2013184K, committed 110592K, used 51712K [0x0000000085200000, 0x0000000100000000)
  region size 1M, 0 eden (0M), 7 survivor (7M), 39 old (39M), 5 humongous (5M), 57 free (57M)
}
Event: 15.605 {heap Before GC invocations=18 (full 0):
 garbage-first heap   total reserved 2013184K, committed 110592K, used 90624K [0x0000000085200000, 0x0000000100000000)
  region size 1M, 38 eden (38M), 7 survivor (7M), 39 old (39M), 5 humongous (5M), 19 free (19M)
}
Event: 15.653 {heap After GC invocations=19 (full 0):
 garbage-first heap   total reserved 2013184K, committed 331776K, used 61440K [0x0000000085200000, 0x0000000100000000)
  region size 1M, 0 eden (0M), 6 survivor (6M), 49 old (49M), 5 humongous (5M), 264 free (264M)
}

